<?xml version="1.0" encoding="UTF-8"?>
<testng-results ignored="0" total="1" passed="1" failed="0" skipped="0">
  <reporter-output>
  </reporter-output>
  <suite started-at="2025-01-14T22:30:38 IST" name="Test Suite" finished-at="2025-01-14T22:30:55 IST" duration-ms="16251">
    <groups>
    </groups>
    <test started-at="2025-01-14T22:30:38 IST" name="Test Set" finished-at="2025-01-14T22:30:55 IST" duration-ms="16251">
      <class name="TestCases.EbayAdvancedSearch">
        <test-method is-config="true" signature="setUp()[pri:0, instance:TestCases.EbayAdvancedSearch@cc43f62]" started-at="2025-01-14T22:30:38 IST" name="setUp" finished-at="2025-01-14T22:30:38 IST" duration-ms="392" status="PASS">
          <reporter-output>
          </reporter-output>
        </test-method> <!-- setUp -->
        <test-method is-config="true" signature="setUpBrowser()[pri:0, instance:TestCases.EbayAdvancedSearch@cc43f62]" started-at="2025-01-14T22:30:38 IST" name="setUpBrowser" finished-at="2025-01-14T22:30:47 IST" duration-ms="8145" status="PASS">
          <reporter-output>
          </reporter-output>
        </test-method> <!-- setUpBrowser -->
        <test-method signature="advancedSearchOption()[pri:0, instance:TestCases.EbayAdvancedSearch@cc43f62]" started-at="2025-01-14T22:30:47 IST" name="advancedSearchOption" finished-at="2025-01-14T22:30:55 IST" duration-ms="7925" status="PASS">
          <reporter-output>
          </reporter-output>
        </test-method> <!-- advancedSearchOption -->
        <test-method is-config="true" signature="captureScreenshotOnFailure(org.testng.ITestResult)[pri:0, instance:TestCases.EbayAdvancedSearch@cc43f62]" started-at="2025-01-14T22:30:55 IST" name="captureScreenshotOnFailure" finished-at="2025-01-14T22:30:55 IST" duration-ms="3" status="PASS">
          <params>
            <param index="0">
              <value>
                <![CDATA[[TestResult name=advancedSearchOption status=SUCCESS method=EbayAdvancedSearch.advancedSearchOption()[pri:0, instance:TestCases.EbayAdvancedSearch@cc43f62] output={null}]]]>
              </value>
            </param>
          </params>
          <reporter-output>
          </reporter-output>
        </test-method> <!-- captureScreenshotOnFailure -->
        <test-method is-config="true" signature="tearDown()[pri:0, instance:TestCases.EbayAdvancedSearch@cc43f62]" started-at="2025-01-14T22:30:55 IST" name="tearDown" finished-at="2025-01-14T22:30:55 IST" duration-ms="1" status="PASS">
          <reporter-output>
          </reporter-output>
        </test-method> <!-- tearDown -->
        <test-method is-config="true" signature="tearDownReport()[pri:0, instance:TestCases.EbayAdvancedSearch@cc43f62]" started-at="2025-01-14T22:30:55 IST" name="tearDownReport" finished-at="2025-01-14T22:30:55 IST" duration-ms="742" status="PASS">
          <reporter-output>
          </reporter-output>
        </test-method> <!-- tearDownReport -->
      </class> <!-- TestCases.EbayAdvancedSearch -->
    </test> <!-- Test Set -->
  </suite> <!-- Test Suite -->
</testng-results>
